^C^C^C^C^C^C^C^C^C^C^C[2m22:00:26[22m [31m[1m[vite][22m[39m [31mInternal server error: D:\python\campus-assistant\web\src\components\Login.tsx: Unexpected token, expected "," (383:0)

[0m [90m 381 |[31m       [33m<[31m[33m/[31m[33mCard[31m[33m>[31m
 [90m 382 |[31m     [33m<[31m[33m/[31m[33mdiv[31m[33m>[31m
[31m[1m>[22m[31m[90m 383 |[31m
 [90m     |[31m [31m[1m^[22m[31m[0m[39m
  Plugin: [35mvite:react-babel[39m
  File: [36mD:/python/campus-assistant/web/src/components/Login.tsx[39m:383:0
      at constructor (d:\python\campus-assistant\web\node_modules\@babel\parser\lib\index.js:367:19)
      at TypeScriptParserMixin.raise (d:\python\campus-assistant\web\node_modules\@babel\parser\lib\index.js:6627:19)
      at TypeScriptParserMixin.unexpected (d:\python\campus-assistant\web\node_modules\@babel\parser\lib\index.js:6647:16)
      at TypeScriptParserMixin.expect (d:\python\campus-assistant\web\node_modules\@babel\parser\lib\index.js:6927:12)
      at TypeScriptParserMixin.parseParenAndDistinguishExpression (d:\python\campus-assistant\web\node_modules\@babel\parser\lib\index.js:11660:14)
      at TypeScriptParserMixin.parseExprAtom (d:\python\campus-assistant\web\node_modules\@babel\parser\lib\index.js:11326:23)
      at TypeScriptParserMixin.parseExprAtom (d:\python\campus-assistant\web\node_modules\@babel\parser\lib\index.js:4794:20)
      at TypeScriptParserMixin.parseExprSubscripts (d:\python\campus-assistant\web\node_modules\@babel\parser\lib\index.js:11076:23)
      at TypeScriptParserMixin.parseUpdate (d:\python\campus-assistant\web\node_modules\@babel\parser\lib\index.js:11061:21)
      at TypeScriptParserMixin.parseMaybeUnary (d:\python\campus-assistant\web\node_modules\@babel\parser\lib\index.js:11041:23)
      at TypeScriptParserMixin.parseMaybeUnary (d:\python\campus-assistant\web\node_modules\@babel\parser\lib\index.js:9852:18)
      at TypeScriptParserMixin.parseMaybeUnaryOrPrivate (d:\python\campus-assistant\web\node_modules\@babel\parser\lib\index.js:10894:61)
      at TypeScriptParserMixin.parseExprOps (d:\python\campus-assistant\web\node_modules\@babel\parser\lib\index.js:10899:23)
      at TypeScriptParserMixin.parseMaybeConditional (d:\python\campus-assistant\web\node_modules\@babel\parser\lib\index.js:10876:23)
      at TypeScriptParserMixin.parseMaybeAssign (d:\python\campus-assistant\web\node_modules\@babel\parser\lib\index.js:10826:21)
      at TypeScriptParserMixin.parseMaybeAssign (d:\python\campus-assistant\web\node_modules\@babel\parser\lib\index.js:9801:20)
      at TypeScriptParserMixin.parseExpressionBase (d:\python\campus-assistant\web\node_modules\@babel\parser\lib\index.js:10779:23)
      at d:\python\campus-assistant\web\node_modules\@babel\parser\lib\index.js:10775:39
      at TypeScriptParserMixin.allowInAnd (d:\python\campus-assistant\web\node_modules\@babel\parser\lib\index.js:12422:16)
      at TypeScriptParserMixin.parseExpression (d:\python\campus-assistant\web\node_modules\@babel\parser\lib\index.js:10775:17)
      at TypeScriptParserMixin.parseReturnStatement (d:\python\campus-assistant\web\node_modules\@babel\parser\lib\index.js:13142:28)
      at TypeScriptParserMixin.parseStatementContent (d:\python\campus-assistant\web\node_modules\@babel\parser\lib\index.js:12798:21)
      at TypeScriptParserMixin.parseStatementContent (d:\python\campus-assistant\web\node_modules\@babel\parser\lib\index.js:9527:18)
      at TypeScriptParserMixin.parseStatementLike (d:\python\campus-assistant\web\node_modules\@babel\parser\lib\index.js:12767:17)
      at TypeScriptParserMixin.parseStatementListItem (d:\python\campus-assistant\web\node_modules\@babel\parser\lib\index.js:12747:17)
      at TypeScriptParserMixin.parseBlockOrModuleBlockBody (d:\python\campus-assistant\web\node_modules\@babel\parser\lib\index.js:13316:61)
      at TypeScriptParserMixin.parseBlockBody (d:\python\campus-assistant\web\node_modules\@babel\parser\lib\index.js:13309:10)
      at TypeScriptParserMixin.parseBlock (d:\python\campus-assistant\web\node_modules\@babel\parser\lib\index.js:13297:10)
      at TypeScriptParserMixin.parseFunctionBody (d:\python\campus-assistant\web\node_modules\@babel\parser\lib\index.js:12101:24)
      at TypeScriptParserMixin.parseFunctionBodyAndFinish (d:\python\campus-assistant\web\node_modules\@babel\parser\lib\index.js:12087:10)
      at TypeScriptParserMixin.parseFunctionBodyAndFinish (d:\python\campus-assistant\web\node_modules\@babel\parser\lib\index.js:9248:18)
      at d:\python\campus-assistant\web\node_modules\@babel\parser\lib\index.js:13445:12
      at TypeScriptParserMixin.withSmartMixTopicForbiddingContext (d:\python\campus-assistant\web\node_modules\@babel\parser\lib\index.js:12404:14)
      at TypeScriptParserMixin.parseFunction (d:\python\campus-assistant\web\node_modules\@babel\parser\lib\index.js:13444:10)
      at TypeScriptParserMixin.parseExportDefaultExpression (d:\python\campus-assistant\web\node_modules\@babel\parser\lib\index.js:13907:19)
      at TypeScriptParserMixin.parseExportDefaultExpression (d:\python\campus-assistant\web\node_modules\@babel\parser\lib\index.js:9487:18)
      at TypeScriptParserMixin.parseExport (d:\python\campus-assistant\web\node_modules\@babel\parser\lib\index.js:13828:25)
      at TypeScriptParserMixin.parseExport (d:\python\campus-assistant\web\node_modules\@babel\parser\lib\index.js:9470:20)
      at TypeScriptParserMixin.parseStatementContent (d:\python\campus-assistant\web\node_modules\@babel\parser\lib\index.js:12878:27)
      at TypeScriptParserMixin.parseStatementContent (d:\python\campus-assistant\web\node_modules\@babel\parser\lib\index.js:9527:18)
      at TypeScriptParserMixin.parseStatementLike (d:\python\campus-assistant\web\node_modules\@babel\parser\lib\index.js:12767:17)
      at TypeScriptParserMixin.parseModuleItem (d:\python\campus-assistant\web\node_modules\@babel\parser\lib\index.js:12744:17)
      at TypeScriptParserMixin.parseBlockOrModuleBlockBody (d:\python\campus-assistant\web\node_modules\@babel\parser\lib\index.js:13316:36)
      at TypeScriptParserMixin.parseBlockBody (d:\python\campus-assistant\web\node_modules\@babel\parser\lib\index.js:13309:10)
      at TypeScriptParserMixin.parseProgram (d:\python\campus-assistant\web\node_modules\@babel\parser\lib\index.js:12625:10)
      at TypeScriptParserMixin.parseTopLevel (d:\python\campus-assistant\web\node_modules\@babel\parser\lib\index.js:12615:25)
      at TypeScriptParserMixin.parse (d:\python\campus-assistant\web\node_modules\@babel\parser\lib\index.js:14492:10)
      at TypeScriptParserMixin.parse (d:\python\campus-assistant\web\node_modules\@babel\parser\lib\index.js:10144:18)
      at parse (d:\python\campus-assistant\web\node_modules\@babel\parser\lib\index.js:14526:38)
      at parser (d:\python\campus-assistant\web\node_modules\@babel\core\lib\parser\index.js:41:34)
[2m22:08:33[22m [31m[1m[vite][22m[39m Pre-transform error: D:\python\campus-assistant\web\src\main.tsx: Unexpected token (16:2)

[0m [90m 14 |[39m   }[33m;[39m
 [90m 15 |[39m     v7_relativeSplatPath[33m:[39m [36mtrue[39m[33m,[39m
[31m[1m>[22m[39m[90m 16 |[39m   }[33m;[39m
 [90m    |[39m   [31m[1m^[22m[39m
 [90m 17 |[39m }
 [90m 18 |[39m
 [90m 19 |[39m [90m// 完全禁用 Service Worker 并清除所有缓存[39m[0m
  Plugin: [35mvite:react-babel[39m
  File: [36mD:/python/campus-assistant/web/src/main.tsx[39m:16:2
[33m  14 |    };
  15 |      v7_relativeSplatPath: true,
  16 |    };
     |    ^
  17 |  }
  18 |  [39m
[2m22:08:33[22m [31m[1m[vite][22m[39m Pre-transform error: D:\python\campus-assistant\web\src\main.tsx: Unexpected token (16:2)

[0m [90m 14 |[39m   }[33m;[39m
 [90m 15 |[39m     v7_relativeSplatPath[33m:[39m [36mtrue[39m[33m,[39m
[31m[1m>[22m[39m[90m 16 |[39m   }[33m;[39m
 [90m    |[39m   [31m[1m^[22m[39m
 [90m 17 |[39m }
 [90m 18 |[39m
 [90m 19 |[39m [90m// 完全禁用 Service Worker 并清除所有缓存[39m[0m
  Plugin: [35mvite:react-babel[39m
  File: [36mD:/python/campus-assistant/web/src/main.tsx[39m:16:2
[33m  14 |    };
  15 |      v7_relativeSplatPath: true,
  16 |    };
     |    ^
  17 |  }
  18 |  [39m [33m(x2)[39m
[2m22:08:33[22m [31m[1m[vite][22m[39m [31mInternal server error: D:\python\campus-assistant\web\src\main.tsx: Unexpected token (16:2)

[0m [90m 14 |[31m   }[33m;[31m
 [90m 15 |[31m     v7_relativeSplatPath[33m:[31m [36mtrue[31m[33m,[31m
[31m[1m>[22m[31m[90m 16 |[31m   }[33m;[31m
 [90m    |[31m   [31m[1m^[22m[31m
 [90m 17 |[31m }
 [90m 18 |[31m
 [90m 19 |[31m [90m// 完全禁用 Service Worker 并清除所有缓存[31m[0m[39m
  Plugin: [35mvite:react-babel[39m
  File: [36mD:/python/campus-assistant/web/src/main.tsx[39m:16:2
[33m  14 |    };
  15 |      v7_relativeSplatPath: true,
  16 |    };
     |    ^
  17 |  }
  18 |  [39m
      at constructor (d:\python\campus-assistant\web\node_modules\@babel\parser\lib\index.js:367:19)
      at TypeScriptParserMixin.raise (d:\python\campus-assistant\web\node_modules\@babel\parser\lib\index.js:6627:19)
      at TypeScriptParserMixin.unexpected (d:\python\campus-assistant\web\node_modules\@babel\parser\lib\index.js:6647:16)
      at TypeScriptParserMixin.parseExprAtom (d:\python\campus-assistant\web\node_modules\@babel\parser\lib\index.js:11442:16)
      at TypeScriptParserMixin.parseExprAtom (d:\python\campus-assistant\web\node_modules\@babel\parser\lib\index.js:4794:20)
      at TypeScriptParserMixin.parseExprSubscripts (d:\python\campus-assistant\web\node_modules\@babel\parser\lib\index.js:11076:23)
      at TypeScriptParserMixin.parseUpdate (d:\python\campus-assistant\web\node_modules\@babel\parser\lib\index.js:11061:21)
      at TypeScriptParserMixin.parseMaybeUnary (d:\python\campus-assistant\web\node_modules\@babel\parser\lib\index.js:11041:23)
      at TypeScriptParserMixin.parseMaybeUnary (d:\python\campus-assistant\web\node_modules\@babel\parser\lib\index.js:9852:18)
      at TypeScriptParserMixin.parseMaybeUnaryOrPrivate (d:\python\campus-assistant\web\node_modules\@babel\parser\lib\index.js:10894:61)
      at TypeScriptParserMixin.parseExprOps (d:\python\campus-assistant\web\node_modules\@babel\parser\lib\index.js:10899:23)
      at TypeScriptParserMixin.parseMaybeConditional (d:\python\campus-assistant\web\node_modules\@babel\parser\lib\index.js:10876:23)
      at TypeScriptParserMixin.parseMaybeAssign (d:\python\campus-assistant\web\node_modules\@babel\parser\lib\index.js:10826:21)
      at TypeScriptParserMixin.parseMaybeAssign (d:\python\campus-assistant\web\node_modules\@babel\parser\lib\index.js:9801:20)
      at TypeScriptParserMixin.parseExpressionBase (d:\python\campus-assistant\web\node_modules\@babel\parser\lib\index.js:10784:36)
      at d:\python\campus-assistant\web\node_modules\@babel\parser\lib\index.js:10775:39
      at TypeScriptParserMixin.allowInAnd (d:\python\campus-assistant\web\node_modules\@babel\parser\lib\index.js:12422:16)
      at TypeScriptParserMixin.parseExpression (d:\python\campus-assistant\web\node_modules\@babel\parser\lib\index.js:10775:17)
      at TypeScriptParserMixin.parseStatementContent (d:\python\campus-assistant\web\node_modules\@babel\parser\lib\index.js:12895:23)
      at TypeScriptParserMixin.parseStatementContent (d:\python\campus-assistant\web\node_modules\@babel\parser\lib\index.js:9527:18)
      at TypeScriptParserMixin.parseStatementLike (d:\python\campus-assistant\web\node_modules\@babel\parser\lib\index.js:12767:17)
      at TypeScriptParserMixin.parseStatement (d:\python\campus-assistant\web\node_modules\@babel\parser\lib\index.js:12760:17)
      at TypeScriptParserMixin.parseLabeledStatement (d:\python\campus-assistant\web\node_modules\@babel\parser\lib\index.js:13278:95)
      at TypeScriptParserMixin.parseStatementContent (d:\python\campus-assistant\web\node_modules\@babel\parser\lib\index.js:12897:19)
      at TypeScriptParserMixin.parseStatementContent (d:\python\campus-assistant\web\node_modules\@babel\parser\lib\index.js:9527:18)
      at TypeScriptParserMixin.parseStatementLike (d:\python\campus-assistant\web\node_modules\@babel\parser\lib\index.js:12767:17)
      at TypeScriptParserMixin.parseStatementListItem (d:\python\campus-assistant\web\node_modules\@babel\parser\lib\index.js:12747:17)
      at TypeScriptParserMixin.parseBlockOrModuleBlockBody (d:\python\campus-assistant\web\node_modules\@babel\parser\lib\index.js:13316:61)
      at TypeScriptParserMixin.parseBlockBody (d:\python\campus-assistant\web\node_modules\@babel\parser\lib\index.js:13309:10)
      at TypeScriptParserMixin.parseBlock (d:\python\campus-assistant\web\node_modules\@babel\parser\lib\index.js:13297:10)
      at TypeScriptParserMixin.parseStatementContent (d:\python\campus-assistant\web\node_modules\@babel\parser\lib\index.js:12858:21)
      at TypeScriptParserMixin.parseStatementContent (d:\python\campus-assistant\web\node_modules\@babel\parser\lib\index.js:9527:18)
      at TypeScriptParserMixin.parseStatementLike (d:\python\campus-assistant\web\node_modules\@babel\parser\lib\index.js:12767:17)
      at TypeScriptParserMixin.parseStatementOrSloppyAnnexBFunctionDeclaration (d:\python\campus-assistant\web\node_modules\@babel\parser\lib\index.js:12757:17)
      at TypeScriptParserMixin.parseIfStatement (d:\python\campus-assistant\web\node_modules\@babel\parser\lib\index.js:13130:28)
      at TypeScriptParserMixin.parseStatementContent (d:\python\campus-assistant\web\node_modules\@babel\parser\lib\index.js:12796:21)
      at TypeScriptParserMixin.parseStatementContent (d:\python\campus-assistant\web\node_modules\@babel\parser\lib\index.js:9527:18)
      at TypeScriptParserMixin.parseStatementLike (d:\python\campus-assistant\web\node_modules\@babel\parser\lib\index.js:12767:17)
      at TypeScriptParserMixin.parseModuleItem (d:\python\campus-assistant\web\node_modules\@babel\parser\lib\index.js:12744:17)
      at TypeScriptParserMixin.parseBlockOrModuleBlockBody (d:\python\campus-assistant\web\node_modules\@babel\parser\lib\index.js:13316:36)
      at TypeScriptParserMixin.parseBlockBody (d:\python\campus-assistant\web\node_modules\@babel\parser\lib\index.js:13309:10)
      at TypeScriptParserMixin.parseProgram (d:\python\campus-assistant\web\node_modules\@babel\parser\lib\index.js:12625:10)
      at TypeScriptParserMixin.parseTopLevel (d:\python\campus-assistant\web\node_modules\@babel\parser\lib\index.js:12615:25)
      at TypeScriptParserMixin.parse (d:\python\campus-assistant\web\node_modules\@babel\parser\lib\index.js:14492:10)
      at TypeScriptParserMixin.parse (d:\python\campus-assistant\web\node_modules\@babel\parser\lib\index.js:10144:18)
      at parse (d:\python\campus-assistant\web\node_modules\@babel\parser\lib\index.js:14526:38)
      at parser (d:\python\campus-assistant\web\node_modules\@babel\core\lib\parser\index.js:41:34)
      at parser.next (<anonymous>)
      at normalizeFile (d:\python\campus-assistant\web\node_modules\@babel\core\lib\transformation\normalize-file.js:64:37)
      at normalizeFile.next (<anonymous>)
[2m22:08:34[22m [31m[1m[vite][22m[39m Pre-transform error: D:\python\campus-assistant\web\src\main.tsx: Unexpected token (16:2)

[0m [90m 14 |[39m   }[33m;[39m
 [90m 15 |[39m     v7_relativeSplatPath[33m:[39m [36mtrue[39m[33m,[39m
[31m[1m>[22m[39m[90m 16 |[39m   }[33m;[39m
 [90m    |[39m   [31m[1m^[22m[39m
 [90m 17 |[39m }
 [90m 18 |[39m
 [90m 19 |[39m [90m// 完全禁用 Service Worker 并清除所有缓存[39m[0m
  Plugin: [35mvite:react-babel[39m
  File: [36mD:/python/campus-assistant/web/src/main.tsx[39m:16:2
[33m  14 |    };
  15 |      v7_relativeSplatPath: true,
  16 |    };
     |    ^
  17 |  }
  18 |  [39m
[2m22:08:34[22m [31m[1m[vite][22m[39m Pre-transform error: D:\python\campus-assistant\web\src\main.tsx: Unexpected token (16:2)

[0m [90m 14 |[39m   }[33m;[39m
 [90m 15 |[39m     v7_relativeSplatPath[33m:[39m [36mtrue[39m[33m,[39m
[31m[1m>[22m[39m[90m 16 |[39m   }[33m;[39m
 [90m    |[39m   [31m[1m^[22m[39m
 [90m 17 |[39m }
 [90m 18 |[39m
 [90m 19 |[39m [90m// 完全禁用 Service Worker 并清除所有缓存[39m[0m
  Plugin: [35mvite:react-babel[39m
  File: [36mD:/python/campus-assistant/web/src/main.tsx[39m:16:2
[33m  14 |    };
  15 |      v7_relativeSplatPath: true,
  16 |    };
     |    ^
  17 |  }
  18 |  [39m [33m(x2)[39m
[2m22:08:35[22m [31m[1m[vite][22m[39m [31mInternal server error: D:\python\campus-assistant\web\src\main.tsx: Unexpected token (16:2)

[0m [90m 14 |[31m   }[33m;[31m
 [90m 15 |[31m     v7_relativeSplatPath[33m:[31m [36mtrue[31m[33m,[31m
[31m[1m>[22m[31m[90m 16 |[31m   }[33m;[31m
 [90m    |[31m   [31m[1m^[22m[31m
 [90m 17 |[31m }
 [90m 18 |[31m
 [90m 19 |[31m [90m// 完全禁用 Service Worker 并清除所有缓存[31m[0m[39m
  Plugin: [35mvite:react-babel[39m
  File: [36mD:/python/campus-assistant/web/src/main.tsx[39m:16:2
[33m  14 |    };
  15 |      v7_relativeSplatPath: true,
  16 |    };
     |    ^
  17 |  }
  18 |  [39m
      at constructor (d:\python\campus-assistant\web\node_modules\@babel\parser\lib\index.js:367:19)
      at TypeScriptParserMixin.raise (d:\python\campus-assistant\web\node_modules\@babel\parser\lib\index.js:6627:19)
      at TypeScriptParserMixin.unexpected (d:\python\campus-assistant\web\node_modules\@babel\parser\lib\index.js:6647:16)
      at TypeScriptParserMixin.parseExprAtom (d:\python\campus-assistant\web\node_modules\@babel\parser\lib\index.js:11442:16)
      at TypeScriptParserMixin.parseExprAtom (d:\python\campus-assistant\web\node_modules\@babel\parser\lib\index.js:4794:20)
      at TypeScriptParserMixin.parseExprSubscripts (d:\python\campus-assistant\web\node_modules\@babel\parser\lib\index.js:11076:23)
      at TypeScriptParserMixin.parseUpdate (d:\python\campus-assistant\web\node_modules\@babel\parser\lib\index.js:11061:21)
      at TypeScriptParserMixin.parseMaybeUnary (d:\python\campus-assistant\web\node_modules\@babel\parser\lib\index.js:11041:23)
      at TypeScriptParserMixin.parseMaybeUnary (d:\python\campus-assistant\web\node_modules\@babel\parser\lib\index.js:9852:18)
      at TypeScriptParserMixin.parseMaybeUnaryOrPrivate (d:\python\campus-assistant\web\node_modules\@babel\parser\lib\index.js:10894:61)
      at TypeScriptParserMixin.parseExprOps (d:\python\campus-assistant\web\node_modules\@babel\parser\lib\index.js:10899:23)
      at TypeScriptParserMixin.parseMaybeConditional (d:\python\campus-assistant\web\node_modules\@babel\parser\lib\index.js:10876:23)
      at TypeScriptParserMixin.parseMaybeAssign (d:\python\campus-assistant\web\node_modules\@babel\parser\lib\index.js:10826:21)
      at TypeScriptParserMixin.parseMaybeAssign (d:\python\campus-assistant\web\node_modules\@babel\parser\lib\index.js:9801:20)
      at TypeScriptParserMixin.parseExpressionBase (d:\python\campus-assistant\web\node_modules\@babel\parser\lib\index.js:10784:36)
      at d:\python\campus-assistant\web\node_modules\@babel\parser\lib\index.js:10775:39
      at TypeScriptParserMixin.allowInAnd (d:\python\campus-assistant\web\node_modules\@babel\parser\lib\index.js:12422:16)
      at TypeScriptParserMixin.parseExpression (d:\python\campus-assistant\web\node_modules\@babel\parser\lib\index.js:10775:17)
      at TypeScriptParserMixin.parseStatementContent (d:\python\campus-assistant\web\node_modules\@babel\parser\lib\index.js:12895:23)
      at TypeScriptParserMixin.parseStatementContent (d:\python\campus-assistant\web\node_modules\@babel\parser\lib\index.js:9527:18)
      at TypeScriptParserMixin.parseStatementLike (d:\python\campus-assistant\web\node_modules\@babel\parser\lib\index.js:12767:17)
      at TypeScriptParserMixin.parseStatement (d:\python\campus-assistant\web\node_modules\@babel\parser\lib\index.js:12760:17)
      at TypeScriptParserMixin.parseLabeledStatement (d:\python\campus-assistant\web\node_modules\@babel\parser\lib\index.js:13278:95)
      at TypeScriptParserMixin.parseStatementContent (d:\python\campus-assistant\web\node_modules\@babel\parser\lib\index.js:12897:19)
      at TypeScriptParserMixin.parseStatementContent (d:\python\campus-assistant\web\node_modules\@babel\parser\lib\index.js:9527:18)
      at TypeScriptParserMixin.parseStatementLike (d:\python\campus-assistant\web\node_modules\@babel\parser\lib\index.js:12767:17)
      at TypeScriptParserMixin.parseStatementListItem (d:\python\campus-assistant\web\node_modules\@babel\parser\lib\index.js:12747:17)
      at TypeScriptParserMixin.parseBlockOrModuleBlockBody (d:\python\campus-assistant\web\node_modules\@babel\parser\lib\index.js:13316:61)
      at TypeScriptParserMixin.parseBlockBody (d:\python\campus-assistant\web\node_modules\@babel\parser\lib\index.js:13309:10)
      at TypeScriptParserMixin.parseBlock (d:\python\campus-assistant\web\node_modules\@babel\parser\lib\index.js:13297:10)
      at TypeScriptParserMixin.parseStatementContent (d:\python\campus-assistant\web\node_modules\@babel\parser\lib\index.js:12858:21)
      at TypeScriptParserMixin.parseStatementContent (d:\python\campus-assistant\web\node_modules\@babel\parser\lib\index.js:9527:18)
      at TypeScriptParserMixin.parseStatementLike (d:\python\campus-assistant\web\node_modules\@babel\parser\lib\index.js:12767:17)
      at TypeScriptParserMixin.parseStatementOrSloppyAnnexBFunctionDeclaration (d:\python\campus-assistant\web\node_modules\@babel\parser\lib\index.js:12757:17)
      at TypeScriptParserMixin.parseIfStatement (d:\python\campus-assistant\web\node_modules\@babel\parser\lib\index.js:13130:28)
      at TypeScriptParserMixin.parseStatementContent (d:\python\campus-assistant\web\node_modules\@babel\parser\lib\index.js:12796:21)
      at TypeScriptParserMixin.parseStatementContent (d:\python\campus-assistant\web\node_modules\@babel\parser\lib\index.js:9527:18)
      at TypeScriptParserMixin.parseStatementLike (d:\python\campus-assistant\web\node_modules\@babel\parser\lib\index.js:12767:17)
      at TypeScriptParserMixin.parseModuleItem (d:\python\campus-assistant\web\node_modules\@babel\parser\lib\index.js:12744:17)
      at TypeScriptParserMixin.parseBlockOrModuleBlockBody (d:\python\campus-assistant\web\node_modules\@babel\parser\lib\index.js:13316:36)
      at TypeScriptParserMixin.parseBlockBody (d:\python\campus-assistant\web\node_modules\@babel\parser\lib\index.js:13309:10)
      at TypeScriptParserMixin.parseProgram (d:\python\campus-assistant\web\node_modules\@babel\parser\lib\index.js:12625:10)
      at TypeScriptParserMixin.parseTopLevel (d:\python\campus-assistant\web\node_modules\@babel\parser\lib\index.js:12615:25)
      at TypeScriptParserMixin.parse (d:\python\campus-assistant\web\node_modules\@babel\parser\lib\index.js:14492:10)
      at TypeScriptParserMixin.parse (d:\python\campus-assistant\web\node_modules\@babel\parser\lib\index.js:10144:18)
      at parse (d:\python\campus-assistant\web\node_modules\@babel\parser\lib\index.js:14526:38)
      at parser (d:\python\campus-assistant\web\node_modules\@babel\core\lib\parser\index.js:41:34)
      at parser.next (<anonymous>)
      at normalizeFile (d:\python\campus-assistant\web\node_modules\@babel\core\lib\transformation\normalize-file.js:64:37)
      at normalizeFile.next (<anonymous>)
[2m22:08:35[22m [31m[1m[vite][22m[39m [31mInternal server error: D:\python\campus-assistant\web\src\main.tsx: Unexpected token (16:2)

[0m [90m 14 |[31m   }[33m;[31m
 [90m 15 |[31m     v7_relativeSplatPath[33m:[31m [36mtrue[31m[33m,[31m
[31m[1m>[22m[31m[90m 16 |[31m   }[33m;[31m
 [90m    |[31m   [31m[1m^[22m[31m
 [90m 17 |[31m }
 [90m 18 |[31m
 [90m 19 |[31m [90m// 完全禁用 Service Worker 并清除所有缓存[31m[0m[39m
  Plugin: [35mvite:react-babel[39m
  File: [36mD:/python/campus-assistant/web/src/main.tsx[39m:16:2
[33m  14 |    };
  15 |      v7_relativeSplatPath: true,
  16 |    };
     |    ^
  17 |  }
  18 |  [39m
      at constructor (d:\python\campus-assistant\web\node_modules\@babel\parser\lib\index.js:367:19)
      at TypeScriptParserMixin.raise (d:\python\campus-assistant\web\node_modules\@babel\parser\lib\index.js:6627:19)
      at TypeScriptParserMixin.unexpected (d:\python\campus-assistant\web\node_modules\@babel\parser\lib\index.js:6647:16)
      at TypeScriptParserMixin.parseExprAtom (d:\python\campus-assistant\web\node_modules\@babel\parser\lib\index.js:11442:16)
      at TypeScriptParserMixin.parseExprAtom (d:\python\campus-assistant\web\node_modules\@babel\parser\lib\index.js:4794:20)
      at TypeScriptParserMixin.parseExprSubscripts (d:\python\campus-assistant\web\node_modules\@babel\parser\lib\index.js:11076:23)
      at TypeScriptParserMixin.parseUpdate (d:\python\campus-assistant\web\node_modules\@babel\parser\lib\index.js:11061:21)
      at TypeScriptParserMixin.parseMaybeUnary (d:\python\campus-assistant\web\node_modules\@babel\parser\lib\index.js:11041:23)
      at TypeScriptParserMixin.parseMaybeUnary (d:\python\campus-assistant\web\node_modules\@babel\parser\lib\index.js:9852:18)
      at TypeScriptParserMixin.parseMaybeUnaryOrPrivate (d:\python\campus-assistant\web\node_modules\@babel\parser\lib\index.js:10894:61)
      at TypeScriptParserMixin.parseExprOps (d:\python\campus-assistant\web\node_modules\@babel\parser\lib\index.js:10899:23)
      at TypeScriptParserMixin.parseMaybeConditional (d:\python\campus-assistant\web\node_modules\@babel\parser\lib\index.js:10876:23)
      at TypeScriptParserMixin.parseMaybeAssign (d:\python\campus-assistant\web\node_modules\@babel\parser\lib\index.js:10826:21)
      at TypeScriptParserMixin.parseMaybeAssign (d:\python\campus-assistant\web\node_modules\@babel\parser\lib\index.js:9801:20)
      at TypeScriptParserMixin.parseExpressionBase (d:\python\campus-assistant\web\node_modules\@babel\parser\lib\index.js:10784:36)
      at d:\python\campus-assistant\web\node_modules\@babel\parser\lib\index.js:10775:39
      at TypeScriptParserMixin.allowInAnd (d:\python\campus-assistant\web\node_modules\@babel\parser\lib\index.js:12422:16)
      at TypeScriptParserMixin.parseExpression (d:\python\campus-assistant\web\node_modules\@babel\parser\lib\index.js:10775:17)
      at TypeScriptParserMixin.parseStatementContent (d:\python\campus-assistant\web\node_modules\@babel\parser\lib\index.js:12895:23)
      at TypeScriptParserMixin.parseStatementContent (d:\python\campus-assistant\web\node_modules\@babel\parser\lib\index.js:9527:18)
      at TypeScriptParserMixin.parseStatementLike (d:\python\campus-assistant\web\node_modules\@babel\parser\lib\index.js:12767:17)
      at TypeScriptParserMixin.parseStatement (d:\python\campus-assistant\web\node_modules\@babel\parser\lib\index.js:12760:17)
      at TypeScriptParserMixin.parseLabeledStatement (d:\python\campus-assistant\web\node_modules\@babel\parser\lib\index.js:13278:95)
      at TypeScriptParserMixin.parseStatementContent (d:\python\campus-assistant\web\node_modules\@babel\parser\lib\index.js:12897:19)
      at TypeScriptParserMixin.parseStatementContent (d:\python\campus-assistant\web\node_modules\@babel\parser\lib\index.js:9527:18)
      at TypeScriptParserMixin.parseStatementLike (d:\python\campus-assistant\web\node_modules\@babel\parser\lib\index.js:12767:17)
      at TypeScriptParserMixin.parseStatementListItem (d:\python\campus-assistant\web\node_modules\@babel\parser\lib\index.js:12747:17)
      at TypeScriptParserMixin.parseBlockOrModuleBlockBody (d:\python\campus-assistant\web\node_modules\@babel\parser\lib\index.js:13316:61)
      at TypeScriptParserMixin.parseBlockBody (d:\python\campus-assistant\web\node_modules\@babel\parser\lib\index.js:13309:10)
      at TypeScriptParserMixin.parseBlock (d:\python\campus-assistant\web\node_modules\@babel\parser\lib\index.js:13297:10)
      at TypeScriptParserMixin.parseStatementContent (d:\python\campus-assistant\web\node_modules\@babel\parser\lib\index.js:12858:21)
      at TypeScriptParserMixin.parseStatementContent (d:\python\campus-assistant\web\node_modules\@babel\parser\lib\index.js:9527:18)
      at TypeScriptParserMixin.parseStatementLike (d:\python\campus-assistant\web\node_modules\@babel\parser\lib\index.js:12767:17)
      at TypeScriptParserMixin.parseStatementOrSloppyAnnexBFunctionDeclaration (d:\python\campus-assistant\web\node_modules\@babel\parser\lib\index.js:12757:17)
      at TypeScriptParserMixin.parseIfStatement (d:\python\campus-assistant\web\node_modules\@babel\parser\lib\index.js:13130:28)
      at TypeScriptParserMixin.parseStatementContent (d:\python\campus-assistant\web\node_modules\@babel\parser\lib\index.js:12796:21)
      at TypeScriptParserMixin.parseStatementContent (d:\python\campus-assistant\web\node_modules\@babel\parser\lib\index.js:9527:18)
      at TypeScriptParserMixin.parseStatementLike (d:\python\campus-assistant\web\node_modules\@babel\parser\lib\index.js:12767:17)
      at TypeScriptParserMixin.parseModuleItem (d:\python\campus-assistant\web\node_modules\@babel\parser\lib\index.js:12744:17)
      at TypeScriptParserMixin.parseBlockOrModuleBlockBody (d:\python\campus-assistant\web\node_modules\@babel\parser\lib\index.js:13316:36)
      at TypeScriptParserMixin.parseBlockBody (d:\python\campus-assistant\web\node_modules\@babel\parser\lib\index.js:13309:10)
      at TypeScriptParserMixin.parseProgram (d:\python\campus-assistant\web\node_modules\@babel\parser\lib\index.js:12625:10)
      at TypeScriptParserMixin.parseTopLevel (d:\python\campus-assistant\web\node_modules\@babel\parser\lib\index.js:12615:25)
      at TypeScriptParserMixin.parse (d:\python\campus-assistant\web\node_modules\@babel\parser\lib\index.js:14492:10)
      at TypeScriptParserMixin.parse (d:\python\campus-assistant\web\node_modules\@babel\parser\lib\index.js:10144:18)
      at parse (d:\python\campus-assistant\web\node_modules\@babel\parser\lib\index.js:14526:38)
      at parser (d:\python\campus-assistant\web\node_modules\@babel\core\lib\parser\index.js:41:34)
      at parser.next (<anonymous>)
      at normalizeFile (d:\python\campus-assistant\web\node_modules\@babel\core\lib\transformation\normalize-file.js:64:37)
      at normalizeFile.next (<anonymous>) [33m(x2)[39m
[2m22:08:52[22m [31m[1m[vite][22m[39m Pre-transform error: D:\python\campus-assistant\web\src\main.tsx: Unexpected token (25:2)

[0m [90m 23 |[39m   }[33m;[39m
 [90m 24 |[39m     }
[31m[1m>[22m[39m[90m 25 |[39m   })[33m;[39m
 [90m    |[39m   [31m[1m^[22m[39m
 [90m 26 |[39m   
 [90m 27 |[39m   [90m// 清除所有缓存[39m
 [90m 28 |[39m   caches[33m.[39mkeys()[33m.[39mthen([36mfunction[39m(cacheNames) {[0m
  Plugin: [35mvite:react-babel[39m
  File: [36mD:/python/campus-assistant/web/src/main.tsx[39m:25:2
[33m  23 |    };
  24 |      }
  25 |    });
     |    ^
  26 |    
  27 |    // 清除所有缓存[39m
[2m22:08:52[22m [31m[1m[vite][22m[39m [31mInternal server error: D:\python\campus-assistant\web\src\main.tsx: Unexpected token (25:2)

[0m [90m 23 |[31m   }[33m;[31m
 [90m 24 |[31m     }
[31m[1m>[22m[31m[90m 25 |[31m   })[33m;[31m
 [90m    |[31m   [31m[1m^[22m[31m
 [90m 26 |[31m   
 [90m 27 |[31m   [90m// 清除所有缓存[31m
 [90m 28 |[31m   caches[33m.[31mkeys()[33m.[31mthen([36mfunction[31m(cacheNames) {[0m[39m
  Plugin: [35mvite:react-babel[39m
  File: [36mD:/python/campus-assistant/web/src/main.tsx[39m:25:2
[33m  23 |    };
  24 |      }
  25 |    });
     |    ^
  26 |    
  27 |    // 清除所有缓存[39m
      at constructor (d:\python\campus-assistant\web\node_modules\@babel\parser\lib\index.js:367:19)
      at TypeScriptParserMixin.raise (d:\python\campus-assistant\web\node_modules\@babel\parser\lib\index.js:6627:19)
      at TypeScriptParserMixin.unexpected (d:\python\campus-assistant\web\node_modules\@babel\parser\lib\index.js:6647:16)
      at TypeScriptParserMixin.parseExprAtom (d:\python\campus-assistant\web\node_modules\@babel\parser\lib\index.js:11442:16)
      at TypeScriptParserMixin.parseExprAtom (d:\python\campus-assistant\web\node_modules\@babel\parser\lib\index.js:4794:20)
      at TypeScriptParserMixin.parseExprSubscripts (d:\python\campus-assistant\web\node_modules\@babel\parser\lib\index.js:11076:23)
      at TypeScriptParserMixin.parseUpdate (d:\python\campus-assistant\web\node_modules\@babel\parser\lib\index.js:11061:21)
      at TypeScriptParserMixin.parseMaybeUnary (d:\python\campus-assistant\web\node_modules\@babel\parser\lib\index.js:11041:23)
      at TypeScriptParserMixin.parseMaybeUnary (d:\python\campus-assistant\web\node_modules\@babel\parser\lib\index.js:9852:18)
      at TypeScriptParserMixin.parseMaybeUnaryOrPrivate (d:\python\campus-assistant\web\node_modules\@babel\parser\lib\index.js:10894:61)
      at TypeScriptParserMixin.parseExprOps (d:\python\campus-assistant\web\node_modules\@babel\parser\lib\index.js:10899:23)
      at TypeScriptParserMixin.parseMaybeConditional (d:\python\campus-assistant\web\node_modules\@babel\parser\lib\index.js:10876:23)
      at TypeScriptParserMixin.parseMaybeAssign (d:\python\campus-assistant\web\node_modules\@babel\parser\lib\index.js:10826:21)
      at TypeScriptParserMixin.parseMaybeAssign (d:\python\campus-assistant\web\node_modules\@babel\parser\lib\index.js:9801:20)
      at TypeScriptParserMixin.parseExpressionBase (d:\python\campus-assistant\web\node_modules\@babel\parser\lib\index.js:10779:23)
      at d:\python\campus-assistant\web\node_modules\@babel\parser\lib\index.js:10775:39
      at TypeScriptParserMixin.allowInAnd (d:\python\campus-assistant\web\node_modules\@babel\parser\lib\index.js:12422:16)
      at TypeScriptParserMixin.parseExpression (d:\python\campus-assistant\web\node_modules\@babel\parser\lib\index.js:10775:17)
      at TypeScriptParserMixin.parseStatementContent (d:\python\campus-assistant\web\node_modules\@babel\parser\lib\index.js:12895:23)
      at TypeScriptParserMixin.parseStatementContent (d:\python\campus-assistant\web\node_modules\@babel\parser\lib\index.js:9527:18)
      at TypeScriptParserMixin.parseStatementLike (d:\python\campus-assistant\web\node_modules\@babel\parser\lib\index.js:12767:17)
      at TypeScriptParserMixin.parseModuleItem (d:\python\campus-assistant\web\node_modules\@babel\parser\lib\index.js:12744:17)
      at TypeScriptParserMixin.parseBlockOrModuleBlockBody (d:\python\campus-assistant\web\node_modules\@babel\parser\lib\index.js:13316:36)
      at TypeScriptParserMixin.parseBlockBody (d:\python\campus-assistant\web\node_modules\@babel\parser\lib\index.js:13309:10)
      at TypeScriptParserMixin.parseProgram (d:\python\campus-assistant\web\node_modules\@babel\parser\lib\index.js:12625:10)
      at TypeScriptParserMixin.parseTopLevel (d:\python\campus-assistant\web\node_modules\@babel\parser\lib\index.js:12615:25)
      at TypeScriptParserMixin.parse (d:\python\campus-assistant\web\node_modules\@babel\parser\lib\index.js:14492:10)
      at TypeScriptParserMixin.parse (d:\python\campus-assistant\web\node_modules\@babel\parser\lib\index.js:10144:18)
      at parse (d:\python\campus-assistant\web\node_modules\@babel\parser\lib\index.js:14526:38)
      at parser (d:\python\campus-assistant\web\node_modules\@babel\core\lib\parser\index.js:41:34)
      at parser.next (<anonymous>)
      at normalizeFile (d:\python\campus-assistant\web\node_modules\@babel\core\lib\transformation\normalize-file.js:64:37)
      at normalizeFile.next (<anonymous>)
      at run (d:\python\campus-assistant\web\node_modules\@babel\core\lib\transformation\index.js:22:50)
      at run.next (<anonymous>)
      at transform (d:\python\campus-assistant\web\node_modules\@babel\core\lib\transform.js:22:33)
      at transform.next (<anonymous>)
      at step (d:\python\campus-assistant\web\node_modules\gensync\index.js:261:32)
      at d:\python\campus-assistant\web\node_modules\gensync\index.js:273:13
      at async.call.result.err.err (d:\python\campus-assistant\web\node_modules\gensync\index.js:223:11)
      at d:\python\campus-assistant\web\node_modules\gensync\index.js:189:28
      at d:\python\campus-assistant\web\node_modules\@babel\core\lib\gensync-utils\async.js:67:7
      at d:\python\campus-assistant\web\node_modules\gensync\index.js:113:33
      at step (d:\python\campus-assistant\web\node_modules\gensync\index.js:287:14)
      at d:\python\campus-assistant\web\node_modules\gensync\index.js:273:13
      at async.call.result.err.err (d:\python\campus-assistant\web\node_modules\gensync\index.js:223:11)
[2m22:08:52[22m [31m[1m[vite][22m[39m Pre-transform error: D:\python\campus-assistant\web\src\main.tsx: Unexpected token (25:2)

[0m [90m 23 |[39m   }[33m;[39m
 [90m 24 |[39m     }
[31m[1m>[22m[39m[90m 25 |[39m   })[33m;[39m
 [90m    |[39m   [31m[1m^[22m[39m
 [90m 26 |[39m   
 [90m 27 |[39m   [90m// 清除所有缓存[39m
 [90m 28 |[39m   caches[33m.[39mkeys()[33m.[39mthen([36mfunction[39m(cacheNames) {[0m
  Plugin: [35mvite:react-babel[39m
  File: [36mD:/python/campus-assistant/web/src/main.tsx[39m:25:2
[33m  23 |    };
  24 |      }
  25 |    });
     |    ^
  26 |    
  27 |    // 清除所有缓存[39m
[2m22:08:53[22m [31m[1m[vite][22m[39m Pre-transform error: D:\python\campus-assistant\web\src\main.tsx: Unexpected token (25:2)

[0m [90m 23 |[39m   }[33m;[39m
 [90m 24 |[39m     }
[31m[1m>[22m[39m[90m 25 |[39m   })[33m;[39m
 [90m    |[39m   [31m[1m^[22m[39m
 [90m 26 |[39m   
 [90m 27 |[39m   [90m// 清除所有缓存[39m
 [90m 28 |[39m   caches[33m.[39mkeys()[33m.[39mthen([36mfunction[39m(cacheNames) {[0m
  Plugin: [35mvite:react-babel[39m
  File: [36mD:/python/campus-assistant/web/src/main.tsx[39m:25:2
[33m  23 |    };
  24 |      }
  25 |    });
     |    ^
  26 |    
  27 |    // 清除所有缓存[39m [33m(x2)[39m
[2m22:08:53[22m [31m[1m[vite][22m[39m Pre-transform error: D:\python\campus-assistant\web\src\main.tsx: Unexpected token (25:2)

[0m [90m 23 |[39m   }[33m;[39m
 [90m 24 |[39m     }
[31m[1m>[22m[39m[90m 25 |[39m   })[33m;[39m
 [90m    |[39m   [31m[1m^[22m[39m
 [90m 26 |[39m   
 [90m 27 |[39m   [90m// 清除所有缓存[39m
 [90m 28 |[39m   caches[33m.[39mkeys()[33m.[39mthen([36mfunction[39m(cacheNames) {[0m
  Plugin: [35mvite:react-babel[39m
  File: [36mD:/python/campus-assistant/web/src/main.tsx[39m:25:2
[33m  23 |    };
  24 |      }
  25 |    });
     |    ^
  26 |    
  27 |    // 清除所有缓存[39m [33m(x3)[39m
[2m22:15:02[22m [31m[1m[vite][22m[39m Pre-transform error: D:\python\campus-assistant\web\src\main.tsx: Unexpected token (47:0)

[0m [90m 45 |[39m     console[33m.[39mlog([32m'Service Worker controller changed:'[39m[33m,[39m event)[33m;[39m
 [90m 46 |[39m   })[33m;[39m
[31m[1m>[22m[39m[90m 47 |[39m
 [90m    |[39m [31m[1m^[22m[39m[0m
  Plugin: [35mvite:react-babel[39m
  File: [36mD:/python/campus-assistant/web/src/main.tsx[39m:47:0
[33m  45 |      console.log('Service Worker controller changed:', event);
  46 |    });
  47 |  
     |  ^[39m
[2m22:15:02[22m [31m[1m[vite][22m[39m [31mInternal server error: D:\python\campus-assistant\web\src\main.tsx: Unexpected token (47:0)

[0m [90m 45 |[31m     console[33m.[31mlog([32m'Service Worker controller changed:'[31m[33m,[31m event)[33m;[31m
 [90m 46 |[31m   })[33m;[31m
[31m[1m>[22m[31m[90m 47 |[31m
 [90m    |[31m [31m[1m^[22m[31m[0m[39m
  Plugin: [35mvite:react-babel[39m
  File: [36mD:/python/campus-assistant/web/src/main.tsx[39m:47:0
[33m  45 |      console.log('Service Worker controller changed:', event);
  46 |    });
  47 |  
     |  ^[39m
      at constructor (d:\python\campus-assistant\web\node_modules\@babel\parser\lib\index.js:367:19)
      at TypeScriptParserMixin.raise (d:\python\campus-assistant\web\node_modules\@babel\parser\lib\index.js:6627:19)
      at TypeScriptParserMixin.unexpected (d:\python\campus-assistant\web\node_modules\@babel\parser\lib\index.js:6647:16)
      at TypeScriptParserMixin.parseExprAtom (d:\python\campus-assistant\web\node_modules\@babel\parser\lib\index.js:11442:16)
      at TypeScriptParserMixin.parseExprAtom (d:\python\campus-assistant\web\node_modules\@babel\parser\lib\index.js:4794:20)
      at TypeScriptParserMixin.parseExprSubscripts (d:\python\campus-assistant\web\node_modules\@babel\parser\lib\index.js:11076:23)
      at TypeScriptParserMixin.parseUpdate (d:\python\campus-assistant\web\node_modules\@babel\parser\lib\index.js:11061:21)
      at TypeScriptParserMixin.parseMaybeUnary (d:\python\campus-assistant\web\node_modules\@babel\parser\lib\index.js:11041:23)
      at TypeScriptParserMixin.parseMaybeUnary (d:\python\campus-assistant\web\node_modules\@babel\parser\lib\index.js:9852:18)
      at TypeScriptParserMixin.parseMaybeUnaryOrPrivate (d:\python\campus-assistant\web\node_modules\@babel\parser\lib\index.js:10894:61)
      at TypeScriptParserMixin.parseExprOps (d:\python\campus-assistant\web\node_modules\@babel\parser\lib\index.js:10899:23)
      at TypeScriptParserMixin.parseMaybeConditional (d:\python\campus-assistant\web\node_modules\@babel\parser\lib\index.js:10876:23)
      at TypeScriptParserMixin.parseMaybeAssign (d:\python\campus-assistant\web\node_modules\@babel\parser\lib\index.js:10826:21)
      at TypeScriptParserMixin.parseMaybeAssign (d:\python\campus-assistant\web\node_modules\@babel\parser\lib\index.js:9801:20)
      at TypeScriptParserMixin.parseExpressionBase (d:\python\campus-assistant\web\node_modules\@babel\parser\lib\index.js:10779:23)
      at d:\python\campus-assistant\web\node_modules\@babel\parser\lib\index.js:10775:39
      at TypeScriptParserMixin.allowInAnd (d:\python\campus-assistant\web\node_modules\@babel\parser\lib\index.js:12422:16)
      at TypeScriptParserMixin.parseExpression (d:\python\campus-assistant\web\node_modules\@babel\parser\lib\index.js:10775:17)
      at TypeScriptParserMixin.parseStatementContent (d:\python\campus-assistant\web\node_modules\@babel\parser\lib\index.js:12895:23)
      at TypeScriptParserMixin.parseStatementContent (d:\python\campus-assistant\web\node_modules\@babel\parser\lib\index.js:9527:18)
      at TypeScriptParserMixin.parseStatementLike (d:\python\campus-assistant\web\node_modules\@babel\parser\lib\index.js:12767:17)
      at TypeScriptParserMixin.parseStatementListItem (d:\python\campus-assistant\web\node_modules\@babel\parser\lib\index.js:12747:17)
      at TypeScriptParserMixin.parseBlockOrModuleBlockBody (d:\python\campus-assistant\web\node_modules\@babel\parser\lib\index.js:13316:61)
      at TypeScriptParserMixin.parseBlockBody (d:\python\campus-assistant\web\node_modules\@babel\parser\lib\index.js:13309:10)
      at TypeScriptParserMixin.parseBlock (d:\python\campus-assistant\web\node_modules\@babel\parser\lib\index.js:13297:10)
      at TypeScriptParserMixin.parseStatementContent (d:\python\campus-assistant\web\node_modules\@babel\parser\lib\index.js:12858:21)
      at TypeScriptParserMixin.parseStatementContent (d:\python\campus-assistant\web\node_modules\@babel\parser\lib\index.js:9527:18)
      at TypeScriptParserMixin.parseStatementLike (d:\python\campus-assistant\web\node_modules\@babel\parser\lib\index.js:12767:17)
      at TypeScriptParserMixin.parseStatementOrSloppyAnnexBFunctionDeclaration (d:\python\campus-assistant\web\node_modules\@babel\parser\lib\index.js:12757:17)
      at TypeScriptParserMixin.parseIfStatement (d:\python\campus-assistant\web\node_modules\@babel\parser\lib\index.js:13130:28)
      at TypeScriptParserMixin.parseStatementContent (d:\python\campus-assistant\web\node_modules\@babel\parser\lib\index.js:12796:21)
      at TypeScriptParserMixin.parseStatementContent (d:\python\campus-assistant\web\node_modules\@babel\parser\lib\index.js:9527:18)
      at TypeScriptParserMixin.parseStatementLike (d:\python\campus-assistant\web\node_modules\@babel\parser\lib\index.js:12767:17)
      at TypeScriptParserMixin.parseModuleItem (d:\python\campus-assistant\web\node_modules\@babel\parser\lib\index.js:12744:17)
      at TypeScriptParserMixin.parseBlockOrModuleBlockBody (d:\python\campus-assistant\web\node_modules\@babel\parser\lib\index.js:13316:36)
      at TypeScriptParserMixin.parseBlockBody (d:\python\campus-assistant\web\node_modules\@babel\parser\lib\index.js:13309:10)
      at TypeScriptParserMixin.parseProgram (d:\python\campus-assistant\web\node_modules\@babel\parser\lib\index.js:12625:10)
      at TypeScriptParserMixin.parseTopLevel (d:\python\campus-assistant\web\node_modules\@babel\parser\lib\index.js:12615:25)
      at TypeScriptParserMixin.parse (d:\python\campus-assistant\web\node_modules\@babel\parser\lib\index.js:14492:10)
      at TypeScriptParserMixin.parse (d:\python\campus-assistant\web\node_modules\@babel\parser\lib\index.js:10144:18)
      at parse (d:\python\campus-assistant\web\node_modules\@babel\parser\lib\index.js:14526:38)
      at parser (d:\python\campus-assistant\web\node_modules\@babel\core\lib\parser\index.js:41:34)
      at parser.next (<anonymous>)
      at normalizeFile (d:\python\campus-assistant\web\node_modules\@babel\core\lib\transformation\normalize-file.js:64:37)
      at normalizeFile.next (<anonymous>)
      at run (d:\python\campus-assistant\web\node_modules\@babel\core\lib\transformation\index.js:22:50)
      at run.next (<anonymous>)
      at transform (d:\python\campus-assistant\web\node_modules\@babel\core\lib\transform.js:22:33)
      at transform.next (<anonymous>)
      at step (d:\python\campus-assistant\web\node_modules\gensync\index.js:261:32)
[2m22:15:02[22m [31m[1m[vite][22m[39m Pre-transform error: D:\python\campus-assistant\web\src\main.tsx: Unexpected token (47:0)

[0m [90m 45 |[39m     console[33m.[39mlog([32m'Service Worker controller changed:'[39m[33m,[39m event)[33m;[39m
 [90m 46 |[39m   })[33m;[39m
[31m[1m>[22m[39m[90m 47 |[39m
 [90m    |[39m [31m[1m^[22m[39m[0m
  Plugin: [35mvite:react-babel[39m
  File: [36mD:/python/campus-assistant/web/src/main.tsx[39m:47:0
[33m  45 |      console.log('Service Worker controller changed:', event);
  46 |    });
  47 |  
     |  ^[39m
[2m22:15:03[22m [31m[1m[vite][22m[39m Pre-transform error: D:\python\campus-assistant\web\src\main.tsx: Unexpected token (47:0)

[0m [90m 45 |[39m     console[33m.[39mlog([32m'Service Worker controller changed:'[39m[33m,[39m event)[33m;[39m
 [90m 46 |[39m   })[33m;[39m
[31m[1m>[22m[39m[90m 47 |[39m
 [90m    |[39m [31m[1m^[22m[39m[0m
  Plugin: [35mvite:react-babel[39m
  File: [36mD:/python/campus-assistant/web/src/main.tsx[39m:47:0
[33m  45 |      console.log('Service Worker controller changed:', event);
  46 |    });
  47 |  
     |  ^[39m [33m(x2)[39m
[2m22:15:03[22m [31m[1m[vite][22m[39m Pre-transform error: D:\python\campus-assistant\web\src\main.tsx: Unexpected token (47:0)

[0m [90m 45 |[39m     console[33m.[39mlog([32m'Service Worker controller changed:'[39m[33m,[39m event)[33m;[39m
 [90m 46 |[39m   })[33m;[39m
[31m[1m>[22m[39m[90m 47 |[39m
 [90m    |[39m [31m[1m^[22m[39m[0m
  Plugin: [35mvite:react-babel[39m
  File: [36mD:/python/campus-assistant/web/src/main.tsx[39m:47:0
[33m  45 |      console.log('Service Worker controller changed:', event);
  46 |    });
  47 |  
     |  ^[39m [33m(x3)[39m
[2m22:19:58[22m [31m[1m[vite][22m[39m [31m[2m(client)[22m[39m Pre-transform error: Transform failed with 1 error:
D:/python/campus-assistant/web/src/api.ts:35:0: ERROR: Unexpected "export"
  Plugin: [35mvite:esbuild[39m
  File: [36mD:/python/campus-assistant/web/src/api.ts[39m:35:0
[33m  
  [33mUnexpected "export"[33m
  33 |  console.log("API Base URL:", baseURL);
  34 |  
  35 |  export { baseURL as API_BASE_URL };
     |  ^
  36 |  
  37 |  const api = axios.create({
  [39m
[2m22:19:58[22m [31m[1m[vite][22m[39m [31m[2m(client)[22m[39m Pre-transform error: Transform failed with 1 error:
D:/python/campus-assistant/web/src/api.ts:35:0: ERROR: Unexpected "export"
  Plugin: [35mvite:esbuild[39m
  File: [36mD:/python/campus-assistant/web/src/api.ts[39m:35:0
[33m  
  [33mUnexpected "export"[33m
  33 |  console.log("API Base URL:", baseURL);
  34 |  
  35 |  export { baseURL as API_BASE_URL };
     |  ^
  36 |  
  37 |  const api = axios.create({
  [39m [33m(x2)[39m
[2m22:19:58[22m [31m[1m[vite][22m[39m [31m[2m(client)[22m[39m Pre-transform error: Transform failed with 1 error:
D:/python/campus-assistant/web/src/api.ts:35:0: ERROR: Unexpected "export"
  Plugin: [35mvite:esbuild[39m
  File: [36mD:/python/campus-assistant/web/src/api.ts[39m:35:0
[33m  
  [33mUnexpected "export"[33m
  33 |  console.log("API Base URL:", baseURL);
  34 |  
  35 |  export { baseURL as API_BASE_URL };
     |  ^
  36 |  
  37 |  const api = axios.create({
  [39m [33m(x3)[39m
[2m22:19:58[22m [31m[1m[vite][22m[39m [31m[2m(client)[22m[39m Pre-transform error: Transform failed with 1 error:
D:/python/campus-assistant/web/src/api.ts:35:0: ERROR: Unexpected "export"
  Plugin: [35mvite:esbuild[39m
  File: [36mD:/python/campus-assistant/web/src/api.ts[39m:35:0
[33m  
  [33mUnexpected "export"[33m
  33 |  console.log("API Base URL:", baseURL);
  34 |  
  35 |  export { baseURL as API_BASE_URL };
     |  ^
  36 |  
  37 |  const api = axios.create({
  [39m [33m(x4)[39m
[2m22:19:58[22m [31m[1m[vite][22m[39m [31m[2m(client)[22m[39m Pre-transform error: Transform failed with 1 error:
D:/python/campus-assistant/web/src/api.ts:35:0: ERROR: Unexpected "export"
  Plugin: [35mvite:esbuild[39m
  File: [36mD:/python/campus-assistant/web/src/api.ts[39m:35:0
[33m  
  [33mUnexpected "export"[33m
  33 |  console.log("API Base URL:", baseURL);
  34 |  
  35 |  export { baseURL as API_BASE_URL };
     |  ^
  36 |  
  37 |  const api = axios.create({
  [39m [33m(x5)[39m
[2m22:19:58[22m [31m[1m[vite][22m[39m [31m[2m(client)[22m[39m Pre-transform error: Transform failed with 1 error:
D:/python/campus-assistant/web/src/api.ts:35:0: ERROR: Unexpected "export"
  Plugin: [35mvite:esbuild[39m
  File: [36mD:/python/campus-assistant/web/src/api.ts[39m:35:0
[33m  
  [33mUnexpected "export"[33m
  33 |  console.log("API Base URL:", baseURL);
  34 |  
  35 |  export { baseURL as API_BASE_URL };
     |  ^
  36 |  
  37 |  const api = axios.create({
  [39m [33m(x6)[39m
[2m22:19:58[22m [31m[1m[vite][22m[39m [31m[2m(client)[22m[39m Pre-transform error: Transform failed with 1 error:
D:/python/campus-assistant/web/src/api.ts:35:0: ERROR: Unexpected "export"
  Plugin: [35mvite:esbuild[39m
  File: [36mD:/python/campus-assistant/web/src/api.ts[39m:35:0
[33m  
  [33mUnexpected "export"[33m
  33 |  console.log("API Base URL:", baseURL);
  34 |  
  35 |  export { baseURL as API_BASE_URL };
     |  ^
  36 |  
  37 |  const api = axios.create({
  [39m [33m(x7)[39m
[2m22:19:58[22m [31m[1m[vite][22m[39m [31m[2m(client)[22m[39m Pre-transform error: Transform failed with 1 error:
D:/python/campus-assistant/web/src/api.ts:35:0: ERROR: Unexpected "export"
  Plugin: [35mvite:esbuild[39m
  File: [36mD:/python/campus-assistant/web/src/api.ts[39m:35:0
[33m  
  [33mUnexpected "export"[33m
  33 |  console.log("API Base URL:", baseURL);
  34 |  
  35 |  export { baseURL as API_BASE_URL };
     |  ^
  36 |  
  37 |  const api = axios.create({
  [39m [33m(x8)[39m
[2m22:19:58[22m [31m[1m[vite][22m[39m [31m[2m(client)[22m[39m Pre-transform error: Transform failed with 1 error:
D:/python/campus-assistant/web/src/api.ts:35:0: ERROR: Unexpected "export"
  Plugin: [35mvite:esbuild[39m
  File: [36mD:/python/campus-assistant/web/src/api.ts[39m:35:0
[33m  
  [33mUnexpected "export"[33m
  33 |  console.log("API Base URL:", baseURL);
  34 |  
  35 |  export { baseURL as API_BASE_URL };
     |  ^
  36 |  
  37 |  const api = axios.create({
  [39m [33m(x9)[39m
[2m22:19:58[22m [31m[1m[vite][22m[39m [31m[2m(client)[22m[39m Pre-transform error: Transform failed with 1 error:
D:/python/campus-assistant/web/src/api.ts:35:0: ERROR: Unexpected "export"
  Plugin: [35mvite:esbuild[39m
  File: [36mD:/python/campus-assistant/web/src/api.ts[39m:35:0
[33m  
  [33mUnexpected "export"[33m
  33 |  console.log("API Base URL:", baseURL);
  34 |  
  35 |  export { baseURL as API_BASE_URL };
     |  ^
  36 |  
  37 |  const api = axios.create({
  [39m [33m(x10)[39m
[2m22:19:58[22m [31m[1m[vite][22m[39m [31mInternal server error: Transform failed with 1 error:
D:/python/campus-assistant/web/src/api.ts:35:0: ERROR: Unexpected "export"[39m
  Plugin: [35mvite:esbuild[39m
  File: [36mD:/python/campus-assistant/web/src/api.ts[39m:35:0
[33m  
  [33mUnexpected "export"[33m
  33 |  console.log("API Base URL:", baseURL);
  34 |  
  35 |  export { baseURL as API_BASE_URL };
     |  ^
  36 |  
  37 |  const api = axios.create({
  [39m
      at failureErrorWithLog (d:\python\campus-assistant\web\node_modules\esbuild\lib\main.js:1467:15)
      at d:\python\campus-assistant\web\node_modules\esbuild\lib\main.js:736:50
      at responseCallbacks.<computed> (d:\python\campus-assistant\web\node_modules\esbuild\lib\main.js:603:9)
      at handleIncomingPacket (d:\python\campus-assistant\web\node_modules\esbuild\lib\main.js:658:12)
      at Socket.readFromStdout (d:\python\campus-assistant\web\node_modules\esbuild\lib\main.js:581:7)
      at Socket.emit (node:events:508:28)
      at addChunk (node:internal/streams/readable:559:12)
      at readableAddChunkPushByteMode (node:internal/streams/readable:510:3)
      at Readable.push (node:internal/streams/readable:390:5)
      at Pipe.onStreamRead (node:internal/stream_base_commons:189:23)
[2m22:19:58[22m [31m[1m[vite][22m[39m [31m[2m(client)[22m[39m Pre-transform error: Transform failed with 1 error:
D:/python/campus-assistant/web/src/api.ts:35:0: ERROR: Unexpected "export"
  Plugin: [35mvite:esbuild[39m
  File: [36mD:/python/campus-assistant/web/src/api.ts[39m:35:0
[33m  
  [33mUnexpected "export"[33m
  33 |  console.log("API Base URL:", baseURL);
  34 |  
  35 |  export { baseURL as API_BASE_URL };
     |  ^
  36 |  
  37 |  const api = axios.create({
  [39m
^C[2m23:10:23[22m [31m[1m[vite][22m[39m [31m[2m(client)[22m[39m Pre-transform error: Transform failed with 1 error:
D:/python/campus-assistant/web/src/api.ts:45:18: ERROR: Expected ";" but found ":"
  Plugin: [35mvite:esbuild[39m
  File: [36mD:/python/campus-assistant/web/src/api.ts[39m:45:18
[33m  
  [33mExpected ";" but found ":"[33m
  43 |    // 对于其他IP地址访问，使用相同的IP
  44 |    return `http://${currentHost}:8000`;
  45 |      "Content-Type": "application/json",
     |                    ^
  46 |    },
  47 |  });
  [39m
[2m23:10:23[22m [31m[1m[vite][22m[39m [31m[2m(client)[22m[39m Pre-transform error: Transform failed with 1 error:
D:/python/campus-assistant/web/src/api.ts:45:18: ERROR: Expected ";" but found ":"
  Plugin: [35mvite:esbuild[39m
  File: [36mD:/python/campus-assistant/web/src/api.ts[39m:45:18
[33m  
  [33mExpected ";" but found ":"[33m
  43 |    // 对于其他IP地址访问，使用相同的IP
  44 |    return `http://${currentHost}:8000`;
  45 |      "Content-Type": "application/json",
     |                    ^
  46 |    },
  47 |  });
  [39m [33m(x2)[39m
[2m23:10:23[22m [31m[1m[vite][22m[39m [31m[2m(client)[22m[39m Pre-transform error: Transform failed with 1 error:
D:/python/campus-assistant/web/src/api.ts:45:18: ERROR: Expected ";" but found ":"
  Plugin: [35mvite:esbuild[39m
  File: [36mD:/python/campus-assistant/web/src/api.ts[39m:45:18
[33m  
  [33mExpected ";" but found ":"[33m
  43 |    // 对于其他IP地址访问，使用相同的IP
  44 |    return `http://${currentHost}:8000`;
  45 |      "Content-Type": "application/json",
     |                    ^
  46 |    },
  47 |  });
  [39m [33m(x3)[39m
[2m23:10:23[22m [31m[1m[vite][22m[39m [31m[2m(client)[22m[39m Pre-transform error: Transform failed with 1 error:
D:/python/campus-assistant/web/src/api.ts:45:18: ERROR: Expected ";" but found ":"
  Plugin: [35mvite:esbuild[39m
  File: [36mD:/python/campus-assistant/web/src/api.ts[39m:45:18
[33m  
  [33mExpected ";" but found ":"[33m
  43 |    // 对于其他IP地址访问，使用相同的IP
  44 |    return `http://${currentHost}:8000`;
  45 |      "Content-Type": "application/json",
     |                    ^
  46 |    },
  47 |  });
  [39m [33m(x4)[39m
[2m23:10:23[22m [31m[1m[vite][22m[39m [31m[2m(client)[22m[39m Pre-transform error: Transform failed with 1 error:
D:/python/campus-assistant/web/src/api.ts:45:18: ERROR: Expected ";" but found ":"
  Plugin: [35mvite:esbuild[39m
  File: [36mD:/python/campus-assistant/web/src/api.ts[39m:45:18
[33m  
  [33mExpected ";" but found ":"[33m
  43 |    // 对于其他IP地址访问，使用相同的IP
  44 |    return `http://${currentHost}:8000`;
  45 |      "Content-Type": "application/json",
     |                    ^
  46 |    },
  47 |  });
  [39m [33m(x5)[39m
[2m23:10:23[22m [31m[1m[vite][22m[39m [31m[2m(client)[22m[39m Pre-transform error: Transform failed with 1 error:
D:/python/campus-assistant/web/src/api.ts:45:18: ERROR: Expected ";" but found ":"
  Plugin: [35mvite:esbuild[39m
  File: [36mD:/python/campus-assistant/web/src/api.ts[39m:45:18
[33m  
  [33mExpected ";" but found ":"[33m
  43 |    // 对于其他IP地址访问，使用相同的IP
  44 |    return `http://${currentHost}:8000`;
  45 |      "Content-Type": "application/json",
     |                    ^
  46 |    },
  47 |  });
  [39m [33m(x6)[39m
[2m23:10:23[22m [31m[1m[vite][22m[39m [31m[2m(client)[22m[39m Pre-transform error: Transform failed with 1 error:
D:/python/campus-assistant/web/src/api.ts:45:18: ERROR: Expected ";" but found ":"
  Plugin: [35mvite:esbuild[39m
  File: [36mD:/python/campus-assistant/web/src/api.ts[39m:45:18
[33m  
  [33mExpected ";" but found ":"[33m
  43 |    // 对于其他IP地址访问，使用相同的IP
  44 |    return `http://${currentHost}:8000`;
  45 |      "Content-Type": "application/json",
     |                    ^
  46 |    },
  47 |  });
  [39m [33m(x7)[39m
[2m23:10:23[22m [31m[1m[vite][22m[39m [31m[2m(client)[22m[39m Pre-transform error: Transform failed with 1 error:
D:/python/campus-assistant/web/src/api.ts:45:18: ERROR: Expected ";" but found ":"
  Plugin: [35mvite:esbuild[39m
  File: [36mD:/python/campus-assistant/web/src/api.ts[39m:45:18
[33m  
  [33mExpected ";" but found ":"[33m
  43 |    // 对于其他IP地址访问，使用相同的IP
  44 |    return `http://${currentHost}:8000`;
  45 |      "Content-Type": "application/json",
     |                    ^
  46 |    },
  47 |  });
  [39m [33m(x8)[39m
[2m23:10:23[22m [31m[1m[vite][22m[39m [31m[2m(client)[22m[39m Pre-transform error: Transform failed with 1 error:
D:/python/campus-assistant/web/src/api.ts:45:18: ERROR: Expected ";" but found ":"
  Plugin: [35mvite:esbuild[39m
  File: [36mD:/python/campus-assistant/web/src/api.ts[39m:45:18
[33m  
  [33mExpected ";" but found ":"[33m
  43 |    // 对于其他IP地址访问，使用相同的IP
  44 |    return `http://${currentHost}:8000`;
  45 |      "Content-Type": "application/json",
     |                    ^
  46 |    },
  47 |  });
  [39m [33m(x9)[39m
[2m23:10:23[22m [31m[1m[vite][22m[39m [31m[2m(client)[22m[39m Pre-transform error: Transform failed with 1 error:
D:/python/campus-assistant/web/src/api.ts:45:18: ERROR: Expected ";" but found ":"
  Plugin: [35mvite:esbuild[39m
  File: [36mD:/python/campus-assistant/web/src/api.ts[39m:45:18
[33m  
  [33mExpected ";" but found ":"[33m
  43 |    // 对于其他IP地址访问，使用相同的IP
  44 |    return `http://${currentHost}:8000`;
  45 |      "Content-Type": "application/json",
     |                    ^
  46 |    },
  47 |  });
  [39m [33m(x10)[39m
[2m23:10:23[22m [31m[1m[vite][22m[39m [31mInternal server error: Transform failed with 1 error:
D:/python/campus-assistant/web/src/api.ts:45:18: ERROR: Expected ";" but found ":"[39m
  Plugin: [35mvite:esbuild[39m
  File: [36mD:/python/campus-assistant/web/src/api.ts[39m:45:18
[33m  
  [33mExpected ";" but found ":"[33m
  43 |    // 对于其他IP地址访问，使用相同的IP
  44 |    return `http://${currentHost}:8000`;
  45 |      "Content-Type": "application/json",
     |                    ^
  46 |    },
  47 |  });
  [39m
      at failureErrorWithLog (d:\python\campus-assistant\web\node_modules\esbuild\lib\main.js:1467:15)
      at d:\python\campus-assistant\web\node_modules\esbuild\lib\main.js:736:50
      at responseCallbacks.<computed> (d:\python\campus-assistant\web\node_modules\esbuild\lib\main.js:603:9)
      at handleIncomingPacket (d:\python\campus-assistant\web\node_modules\esbuild\lib\main.js:658:12)
      at Socket.readFromStdout (d:\python\campus-assistant\web\node_modules\esbuild\lib\main.js:581:7)
      at Socket.emit (node:events:508:28)
      at addChunk (node:internal/streams/readable:559:12)
      at readableAddChunkPushByteMode (node:internal/streams/readable:510:3)
      at Readable.push (node:internal/streams/readable:390:5)
      at Pipe.onStreamRead (node:internal/stream_base_commons:189:23)
[2m23:10:23[22m [31m[1m[vite][22m[39m [31m[2m(client)[22m[39m Pre-transform error: Transform failed with 1 error:
D:/python/campus-assistant/web/src/api.ts:45:18: ERROR: Expected ";" but found ":"
  Plugin: [35mvite:esbuild[39m
  File: [36mD:/python/campus-assistant/web/src/api.ts[39m:45:18
[33m  
  [33mExpected ";" but found ":"[33m
  43 |    // 对于其他IP地址访问，使用相同的IP
  44 |    return `http://${currentHost}:8000`;
  45 |      "Content-Type": "application/json",
     |                    ^
  46 |    },
  47 |  });
  [39m
[2m23:10:25[22m [31m[1m[vite][22m[39m [31m[2m(client)[22m[39m Pre-transform error: Transform failed with 1 error:
D:/python/campus-assistant/web/src/api.ts:57:2: ERROR: Unexpected "}"
  Plugin: [35mvite:esbuild[39m
  File: [36mD:/python/campus-assistant/web/src/api.ts[39m:57:2
[33m  
  [33mUnexpected "}"[33m
  55 |      }
  56 |      return config;
  57 |    },
     |    ^
  58 |    (error) => {
  59 |      console.error("API Request Error:", error);
  [39m
[2m23:10:25[22m [31m[1m[vite][22m[39m [31m[2m(client)[22m[39m Pre-transform error: Transform failed with 1 error:
D:/python/campus-assistant/web/src/api.ts:57:2: ERROR: Unexpected "}"
  Plugin: [35mvite:esbuild[39m
  File: [36mD:/python/campus-assistant/web/src/api.ts[39m:57:2
[33m  
  [33mUnexpected "}"[33m
  55 |      }
  56 |      return config;
  57 |    },
     |    ^
  58 |    (error) => {
  59 |      console.error("API Request Error:", error);
  [39m [33m(x2)[39m
[2m23:10:25[22m [31m[1m[vite][22m[39m [31m[2m(client)[22m[39m Pre-transform error: Transform failed with 1 error:
D:/python/campus-assistant/web/src/api.ts:57:2: ERROR: Unexpected "}"
  Plugin: [35mvite:esbuild[39m
  File: [36mD:/python/campus-assistant/web/src/api.ts[39m:57:2
[33m  
  [33mUnexpected "}"[33m
  55 |      }
  56 |      return config;
  57 |    },
     |    ^
  58 |    (error) => {
  59 |      console.error("API Request Error:", error);
  [39m [33m(x3)[39m
[2m23:10:25[22m [31m[1m[vite][22m[39m [31m[2m(client)[22m[39m Pre-transform error: Transform failed with 1 error:
D:/python/campus-assistant/web/src/api.ts:57:2: ERROR: Unexpected "}"
  Plugin: [35mvite:esbuild[39m
  File: [36mD:/python/campus-assistant/web/src/api.ts[39m:57:2
[33m  
  [33mUnexpected "}"[33m
  55 |      }
  56 |      return config;
  57 |    },
     |    ^
  58 |    (error) => {
  59 |      console.error("API Request Error:", error);
  [39m [33m(x4)[39m
[2m23:10:25[22m [31m[1m[vite][22m[39m [31m[2m(client)[22m[39m Pre-transform error: Transform failed with 1 error:
D:/python/campus-assistant/web/src/api.ts:57:2: ERROR: Unexpected "}"
  Plugin: [35mvite:esbuild[39m
  File: [36mD:/python/campus-assistant/web/src/api.ts[39m:57:2
[33m  
  [33mUnexpected "}"[33m
  55 |      }
  56 |      return config;
  57 |    },
     |    ^
  58 |    (error) => {
  59 |      console.error("API Request Error:", error);
  [39m [33m(x5)[39m
[2m23:10:25[22m [31m[1m[vite][22m[39m [31m[2m(client)[22m[39m Pre-transform error: Transform failed with 1 error:
D:/python/campus-assistant/web/src/api.ts:57:2: ERROR: Unexpected "}"
  Plugin: [35mvite:esbuild[39m
  File: [36mD:/python/campus-assistant/web/src/api.ts[39m:57:2
[33m  
  [33mUnexpected "}"[33m
  55 |      }
  56 |      return config;
  57 |    },
     |    ^
  58 |    (error) => {
  59 |      console.error("API Request Error:", error);
  [39m [33m(x6)[39m
[2m23:10:25[22m [31m[1m[vite][22m[39m [31m[2m(client)[22m[39m Pre-transform error: Transform failed with 1 error:
D:/python/campus-assistant/web/src/api.ts:57:2: ERROR: Unexpected "}"
  Plugin: [35mvite:esbuild[39m
  File: [36mD:/python/campus-assistant/web/src/api.ts[39m:57:2
[33m  
  [33mUnexpected "}"[33m
  55 |      }
  56 |      return config;
  57 |    },
     |    ^
  58 |    (error) => {
  59 |      console.error("API Request Error:", error);
  [39m [33m(x7)[39m
[2m23:10:25[22m [31m[1m[vite][22m[39m [31m[2m(client)[22m[39m Pre-transform error: Transform failed with 1 error:
D:/python/campus-assistant/web/src/api.ts:57:2: ERROR: Unexpected "}"
  Plugin: [35mvite:esbuild[39m
  File: [36mD:/python/campus-assistant/web/src/api.ts[39m:57:2
[33m  
  [33mUnexpected "}"[33m
  55 |      }
  56 |      return config;
  57 |    },
     |    ^
  58 |    (error) => {
  59 |      console.error("API Request Error:", error);
  [39m [33m(x8)[39m
[2m23:10:25[22m [31m[1m[vite][22m[39m [31m[2m(client)[22m[39m Pre-transform error: Transform failed with 1 error:
D:/python/campus-assistant/web/src/api.ts:57:2: ERROR: Unexpected "}"
  Plugin: [35mvite:esbuild[39m
  File: [36mD:/python/campus-assistant/web/src/api.ts[39m:57:2
[33m  
  [33mUnexpected "}"[33m
  55 |      }
  56 |      return config;
  57 |    },
     |    ^
  58 |    (error) => {
  59 |      console.error("API Request Error:", error);
  [39m [33m(x9)[39m
[2m23:10:25[22m [31m[1m[vite][22m[39m [31m[2m(client)[22m[39m Pre-transform error: Transform failed with 1 error:
D:/python/campus-assistant/web/src/api.ts:57:2: ERROR: Unexpected "}"
  Plugin: [35mvite:esbuild[39m
  File: [36mD:/python/campus-assistant/web/src/api.ts[39m:57:2
[33m  
  [33mUnexpected "}"[33m
  55 |      }
  56 |      return config;
  57 |    },
     |    ^
  58 |    (error) => {
  59 |      console.error("API Request Error:", error);
  [39m [33m(x10)[39m
[2m23:10:25[22m [31m[1m[vite][22m[39m [31mInternal server error: Transform failed with 1 error:
D:/python/campus-assistant/web/src/api.ts:57:2: ERROR: Unexpected "}"[39m
  Plugin: [35mvite:esbuild[39m
  File: [36mD:/python/campus-assistant/web/src/api.ts[39m:57:2
[33m  
  [33mUnexpected "}"[33m
  55 |      }
  56 |      return config;
  57 |    },
     |    ^
  58 |    (error) => {
  59 |      console.error("API Request Error:", error);
  [39m
      at failureErrorWithLog (d:\python\campus-assistant\web\node_modules\esbuild\lib\main.js:1467:15)
      at d:\python\campus-assistant\web\node_modules\esbuild\lib\main.js:736:50
      at responseCallbacks.<computed> (d:\python\campus-assistant\web\node_modules\esbuild\lib\main.js:603:9)
      at handleIncomingPacket (d:\python\campus-assistant\web\node_modules\esbuild\lib\main.js:658:12)
      at Socket.readFromStdout (d:\python\campus-assistant\web\node_modules\esbuild\lib\main.js:581:7)
      at Socket.emit (node:events:508:28)
      at addChunk (node:internal/streams/readable:559:12)
      at readableAddChunkPushByteMode (node:internal/streams/readable:510:3)
      at Readable.push (node:internal/streams/readable:390:5)
      at Pipe.onStreamRead (node:internal/stream_base_commons:189:23)
[2m23:10:25[22m [31m[1m[vite][22m[39m [31m[2m(client)[22m[39m Pre-transform error: Transform failed with 1 error:
D:/python/campus-assistant/web/src/api.ts:57:2: ERROR: Unexpected "}"
  Plugin: [35mvite:esbuild[39m
  File: [36mD:/python/campus-assistant/web/src/api.ts[39m:57:2
[33m  
  [33mUnexpected "}"[33m
  55 |      }
  56 |      return config;
  57 |    },
     |    ^
  58 |    (error) => {
  59 |      console.error("API Request Error:", error);
  [39m
[2m23:15:27[22m [31m[1m[vite][22m[39m [31m[2m(client)[22m[39m Pre-transform error: Transform failed with 1 error:
D:/python/campus-assistant/web/src/api.ts:47:1: ERROR: Expected ";" but found ")"
  Plugin: [35mvite:esbuild[39m
  File: [36mD:/python/campus-assistant/web/src/api.ts[39m:47:1
[33m  
  [33mExpected ";" but found ")"[33m
  45 |    // 对于其他IP地址访问，使用相同的IP
  46 |    return `http://${currentHost}:8000`;
  47 |  });
     |   ^
  48 |  
  49 |  // 添加请求拦截器用于调试
  [39m
[2m23:15:27[22m [31m[1m[vite][22m[39m [31m[2m(client)[22m[39m Pre-transform error: Transform failed with 1 error:
D:/python/campus-assistant/web/src/api.ts:47:1: ERROR: Expected ";" but found ")"
  Plugin: [35mvite:esbuild[39m
  File: [36mD:/python/campus-assistant/web/src/api.ts[39m:47:1
[33m  
  [33mExpected ";" but found ")"[33m
  45 |    // 对于其他IP地址访问，使用相同的IP
  46 |    return `http://${currentHost}:8000`;
  47 |  });
     |   ^
  48 |  
  49 |  // 添加请求拦截器用于调试
  [39m [33m(x2)[39m
[2m23:15:27[22m [31m[1m[vite][22m[39m [31m[2m(client)[22m[39m Pre-transform error: Transform failed with 1 error:
D:/python/campus-assistant/web/src/api.ts:47:1: ERROR: Expected ";" but found ")"
  Plugin: [35mvite:esbuild[39m
  File: [36mD:/python/campus-assistant/web/src/api.ts[39m:47:1
[33m  
  [33mExpected ";" but found ")"[33m
  45 |    // 对于其他IP地址访问，使用相同的IP
  46 |    return `http://${currentHost}:8000`;
  47 |  });
     |   ^
  48 |  
  49 |  // 添加请求拦截器用于调试
  [39m [33m(x3)[39m
[2m23:15:27[22m [31m[1m[vite][22m[39m [31m[2m(client)[22m[39m Pre-transform error: Transform failed with 1 error:
D:/python/campus-assistant/web/src/api.ts:47:1: ERROR: Expected ";" but found ")"
  Plugin: [35mvite:esbuild[39m
  File: [36mD:/python/campus-assistant/web/src/api.ts[39m:47:1
[33m  
  [33mExpected ";" but found ")"[33m
  45 |    // 对于其他IP地址访问，使用相同的IP
  46 |    return `http://${currentHost}:8000`;
  47 |  });
     |   ^
  48 |  
  49 |  // 添加请求拦截器用于调试
  [39m [33m(x4)[39m
[2m23:15:27[22m [31m[1m[vite][22m[39m [31m[2m(client)[22m[39m Pre-transform error: Transform failed with 1 error:
D:/python/campus-assistant/web/src/api.ts:47:1: ERROR: Expected ";" but found ")"
  Plugin: [35mvite:esbuild[39m
  File: [36mD:/python/campus-assistant/web/src/api.ts[39m:47:1
[33m  
  [33mExpected ";" but found ")"[33m
  45 |    // 对于其他IP地址访问，使用相同的IP
  46 |    return `http://${currentHost}:8000`;
  47 |  });
     |   ^
  48 |  
  49 |  // 添加请求拦截器用于调试
  [39m [33m(x5)[39m
[2m23:15:28[22m [31m[1m[vite][22m[39m [31m[2m(client)[22m[39m Pre-transform error: Transform failed with 1 error:
D:/python/campus-assistant/web/src/api.ts:47:1: ERROR: Expected ";" but found ")"
  Plugin: [35mvite:esbuild[39m
  File: [36mD:/python/campus-assistant/web/src/api.ts[39m:47:1
[33m  
  [33mExpected ";" but found ")"[33m
  45 |    // 对于其他IP地址访问，使用相同的IP
  46 |    return `http://${currentHost}:8000`;
  47 |  });
     |   ^
  48 |  
  49 |  // 添加请求拦截器用于调试
  [39m [33m(x6)[39m
[2m23:15:28[22m [31m[1m[vite][22m[39m [31m[2m(client)[22m[39m Pre-transform error: Transform failed with 1 error:
D:/python/campus-assistant/web/src/api.ts:47:1: ERROR: Expected ";" but found ")"
  Plugin: [35mvite:esbuild[39m
  File: [36mD:/python/campus-assistant/web/src/api.ts[39m:47:1
[33m  
  [33mExpected ";" but found ")"[33m
  45 |    // 对于其他IP地址访问，使用相同的IP
  46 |    return `http://${currentHost}:8000`;
  47 |  });
     |   ^
  48 |  
  49 |  // 添加请求拦截器用于调试
  [39m [33m(x7)[39m
[2m23:15:28[22m [31m[1m[vite][22m[39m [31m[2m(client)[22m[39m Pre-transform error: Transform failed with 1 error:
D:/python/campus-assistant/web/src/api.ts:47:1: ERROR: Expected ";" but found ")"
  Plugin: [35mvite:esbuild[39m
  File: [36mD:/python/campus-assistant/web/src/api.ts[39m:47:1
[33m  
  [33mExpected ";" but found ")"[33m
  45 |    // 对于其他IP地址访问，使用相同的IP
  46 |    return `http://${currentHost}:8000`;
  47 |  });
     |   ^
  48 |  
  49 |  // 添加请求拦截器用于调试
  [39m [33m(x8)[39m
[2m23:15:28[22m [31m[1m[vite][22m[39m [31m[2m(client)[22m[39m Pre-transform error: Transform failed with 1 error:
D:/python/campus-assistant/web/src/api.ts:47:1: ERROR: Expected ";" but found ")"
  Plugin: [35mvite:esbuild[39m
  File: [36mD:/python/campus-assistant/web/src/api.ts[39m:47:1
[33m  
  [33mExpected ";" but found ")"[33m
  45 |    // 对于其他IP地址访问，使用相同的IP
  46 |    return `http://${currentHost}:8000`;
  47 |  });
     |   ^
  48 |  
  49 |  // 添加请求拦截器用于调试
  [39m [33m(x9)[39m
[2m23:15:28[22m [31m[1m[vite][22m[39m [31m[2m(client)[22m[39m Pre-transform error: Transform failed with 1 error:
D:/python/campus-assistant/web/src/api.ts:47:1: ERROR: Expected ";" but found ")"
  Plugin: [35mvite:esbuild[39m
  File: [36mD:/python/campus-assistant/web/src/api.ts[39m:47:1
[33m  
  [33mExpected ";" but found ")"[33m
  45 |    // 对于其他IP地址访问，使用相同的IP
  46 |    return `http://${currentHost}:8000`;
  47 |  });
     |   ^
  48 |  
  49 |  // 添加请求拦截器用于调试
  [39m [33m(x10)[39m
[2m23:15:28[22m [31m[1m[vite][22m[39m [31m[2m(client)[22m[39m Pre-transform error: Transform failed with 1 error:
D:/python/campus-assistant/web/src/api.ts:47:1: ERROR: Expected ";" but found ")"
  Plugin: [35mvite:esbuild[39m
  File: [36mD:/python/campus-assistant/web/src/api.ts[39m:47:1
[33m  
  [33mExpected ";" but found ")"[33m
  45 |    // 对于其他IP地址访问，使用相同的IP
  46 |    return `http://${currentHost}:8000`;
  47 |  });
     |   ^
  48 |  
  49 |  // 添加请求拦截器用于调试
  [39m [33m(x11)[39m
[2m23:15:28[22m [31m[1m[vite][22m[39m [31mInternal server error: Transform failed with 1 error:
D:/python/campus-assistant/web/src/api.ts:47:1: ERROR: Expected ";" but found ")"[39m
  Plugin: [35mvite:esbuild[39m
  File: [36mD:/python/campus-assistant/web/src/api.ts[39m:47:1
[33m  
  [33mExpected ";" but found ")"[33m
  45 |    // 对于其他IP地址访问，使用相同的IP
  46 |    return `http://${currentHost}:8000`;
  47 |  });
     |   ^
  48 |  
  49 |  // 添加请求拦截器用于调试
  [39m
      at failureErrorWithLog (d:\python\campus-assistant\web\node_modules\esbuild\lib\main.js:1467:15)
      at d:\python\campus-assistant\web\node_modules\esbuild\lib\main.js:736:50
      at responseCallbacks.<computed> (d:\python\campus-assistant\web\node_modules\esbuild\lib\main.js:603:9)
      at handleIncomingPacket (d:\python\campus-assistant\web\node_modules\esbuild\lib\main.js:658:12)
      at Socket.readFromStdout (d:\python\campus-assistant\web\node_modules\esbuild\lib\main.js:581:7)
      at Socket.emit (node:events:508:28)
      at addChunk (node:internal/streams/readable:559:12)
      at readableAddChunkPushByteMode (node:internal/streams/readable:510:3)
      at Readable.push (node:internal/streams/readable:390:5)
      at Pipe.onStreamRead (node:internal/stream_base_commons:189:23)
[2m23:15:28[22m [31m[1m[vite][22m[39m [31mInternal server error: Transform failed with 1 error:
D:/python/campus-assistant/web/src/api.ts:47:1: ERROR: Expected ";" but found ")"[39m
  Plugin: [35mvite:esbuild[39m
  File: [36mD:/python/campus-assistant/web/src/api.ts[39m:47:1
[33m  
  [33mExpected ";" but found ")"[33m
  45 |    // 对于其他IP地址访问，使用相同的IP
  46 |    return `http://${currentHost}:8000`;
  47 |  });
     |   ^
  48 |  
  49 |  // 添加请求拦截器用于调试
  [39m
      at failureErrorWithLog (d:\python\campus-assistant\web\node_modules\esbuild\lib\main.js:1467:15)
      at d:\python\campus-assistant\web\node_modules\esbuild\lib\main.js:736:50
      at responseCallbacks.<computed> (d:\python\campus-assistant\web\node_modules\esbuild\lib\main.js:603:9)
      at handleIncomingPacket (d:\python\campus-assistant\web\node_modules\esbuild\lib\main.js:658:12)
      at Socket.readFromStdout (d:\python\campus-assistant\web\node_modules\esbuild\lib\main.js:581:7)
      at Socket.emit (node:events:508:28)
      at addChunk (node:internal/streams/readable:559:12)
      at readableAddChunkPushByteMode (node:internal/streams/readable:510:3)
      at Readable.push (node:internal/streams/readable:390:5)
      at Pipe.onStreamRead (node:internal/stream_base_commons:189:23) [33m(x2)[39m
^C^C